<?xml version="1.0" encoding="UTF-8"?>
<!-- Generated by org.testng.reporters.JUnitReportReporter -->
<testsuite skipped="0" hostname="WILSON" name="testcases.Log_in_Test" tests="1" failures="0" timestamp="2020-10-02T17:23:23 IST" time="12.778" errors="0">
  <testcase name="login" time="12.778" classname="testcases.Log_in_Test"/>
  <system-out/>
</testsuite> <!-- testcases.Log_in_Test -->
