<?xml version="1.0" encoding="UTF-8"?>
<!-- Generated by org.testng.reporters.JUnitReportReporter -->
<testsuite skipped="0" hostname="DESKTOP-GAJMRAC" name="test.desktopsPageTest" tests="1" failures="0" timestamp="2020-09-29T14:16:51 IST" time="43.379" errors="0">
  <testcase name="login" time="43.379" classname="test.desktopsPageTest"/>
  <system-out/>
</testsuite> <!-- test.desktopsPageTest -->
