<?xml version="1.0" encoding="UTF-8"?>
<!-- Generated by org.testng.reporters.JUnitReportReporter -->
<testsuite skipped="0" hostname="DESKTOP-GAJMRAC" name="test.productPageTest" tests="1" failures="0" timestamp="2020-09-29T14:04:32 IST" time="21.176" errors="0">
  <testcase name="login" time="21.176" classname="test.productPageTest"/>
  <system-out/>
</testsuite> <!-- test.productPageTest -->
