<?xml version="1.0" encoding="UTF-8"?>
<!-- Generated by org.testng.reporters.JUnitReportReporter -->
<testsuite skipped="0" hostname="DESKTOP-GAJMRAC" name="test.Billing_addressTest" tests="1" failures="0" timestamp="2020-09-29T14:45:29 IST" time="50.449" errors="0">
  <testcase name="login" time="50.449" classname="test.Billing_addressTest"/>
  <system-out/>
</testsuite> <!-- test.Billing_addressTest -->
