<?xml version="1.0" encoding="UTF-8"?>
<!-- Generated by org.testng.reporters.JUnitReportReporter -->
<testsuite skipped="0" hostname="DESKTOP-GAJMRAC" name="test.loginPageTest" tests="1" failures="0" timestamp="2020-09-29T13:55:04 IST" time="21.151" errors="0">
  <testcase name="loginPage" time="21.151" classname="test.loginPageTest"/>
  <system-out/>
</testsuite> <!-- test.loginPageTest -->
