<?xml version="1.0" encoding="UTF-8"?>
<!-- Generated by org.testng.reporters.JUnitReportReporter -->
<testsuite skipped="0" hostname="WILSON" name="test.loginpagetest" tests="1" failures="0" timestamp="2020-10-01T17:10:51 IST" time="34.454" errors="0">
  <testcase name="login" time="34.454" classname="test.loginpagetest"/>
  <system-out/>
</testsuite> <!-- test.loginpagetest -->
