<?xml version="1.0" encoding="UTF-8"?>
<!-- Generated by org.testng.reporters.JUnitReportReporter -->
<testsuite skipped="0" hostname="WILSON" name="commomfuction.Base_Class" tests="1" failures="0" timestamp="2020-10-02T12:25:49 IST" time="0.716" errors="0">
  <testcase name="methodapp" time="0.716" classname="commomfuction.Base_Class"/>
  <system-out/>
</testsuite> <!-- commomfuction.Base_Class -->
