<?xml version="1.0" encoding="UTF-8"?>
<!-- Generated by org.testng.reporters.JUnitReportReporter -->
<testsuite skipped="0" hostname="WILSON" name="commonTestcase.Dms_log_test" tests="1" failures="0" timestamp="2020-10-02T12:50:58 IST" time="0.714" errors="0">
  <testcase name="methodapp" time="0.714" classname="commonTestcase.Dms_log_test"/>
  <system-out/>
</testsuite> <!-- commonTestcase.Dms_log_test -->
